#
# A fatal error has been detected by the Java Runtime Environment:
#
#  SIGSEGV (0xb) at pc=0x0000000161c90ea8, pid=3049, tid=70659
#
# JRE version: Java(TM) SE Runtime Environment (10.0.1+10) (build 10.0.1+10)
# Java VM: Java HotSpot(TM) 64-Bit Server VM (10.0.1+10, mixed mode, tiered, compressed oops, g1 gc, bsd-amd64)
# Problematic frame:
# C  [libtesseract.dylib+0x12ea8]  tesseract::Tesseract::recog_all_words(PAGE_RES*, ETEXT_DESC*, TBOX const*, char const*, int)+0xaa
#
# No core dump will be written. Core dumps have been disabled. To enable core dumping, try "ulimit -c unlimited" before starting Java again
#
# If you would like to submit a bug report, please visit:
#   http://bugreport.java.com/bugreport/crash.jsp
# The crash happened outside the Java Virtual Machine in native code.
# See problematic frame for where to report the bug.
#

---------------  S U M M A R Y ------------

Command Line: -Dfile.encoding=UTF-8 tess4J.test

Host: MacBookPro14,1 x86_64 2300 MHz, 4 cores, 8G, Darwin 17.6.0
Time: Sun Jun 17 16:18:53 2018 KST elapsed time: 8 seconds (0d 0h 0m 8s)

---------------  T H R E A D  ---------------

Current thread (0x00007fb41a133800):  JavaThread "AWT-EventQueue-0" [_thread_in_native, id=70659, stack(0x0000700008389000,0x0000700008489000)]

Stack: [0x0000700008389000,0x0000700008489000],  sp=0x0000700008483c90,  free space=1003k
Native frames: (J=compiled Java code, A=aot compiled Java code, j=interpreted, Vv=VM code, C=native code)
C  [libtesseract.dylib+0x12ea8]  tesseract::Tesseract::recog_all_words(PAGE_RES*, ETEXT_DESC*, TBOX const*, char const*, int)+0xaa
C  [libtesseract.dylib+0x45e0]  tesseract::TessBaseAPI::Recognize(ETEXT_DESC*)+0x2fc
C  [libtesseract.dylib+0x329a]  tesseract::TessBaseAPI::GetUTF8Text()+0x30
C  [jna4247001918457558182.tmp+0xd94c]  ffi_call_unix64+0x4c
C  0x0000700008484940

Java frames: (J=compiled Java code, j=interpreted, Vv=VM code)
j  com.sun.jna.Native.invokePointer(JI[Ljava/lang/Object;)J+0
j  com.sun.jna.Function.invokePointer(I[Ljava/lang/Object;)Lcom/sun/jna/Pointer;+6
j  com.sun.jna.Function.invoke([Ljava/lang/Object;Ljava/lang/Class;Z)Ljava/lang/Object;+426
j  com.sun.jna.Function.invoke(Ljava/lang/Class;[Ljava/lang/Object;Ljava/util/Map;)Ljava/lang/Object;+262
j  com.sun.jna.Library$Handler.invoke(Ljava/lang/Object;Ljava/lang/reflect/Method;[Ljava/lang/Object;)Ljava/lang/Object;+316
j  com.sun.proxy.$Proxy0.TessBaseAPIGetUTF8Text(Lnet/sourceforge/tess4j/ITessAPI$TessBaseAPI;)Lcom/sun/jna/Pointer;+16
j  net.sourceforge.tess4j.Tesseract.getOCRText(Ljava/lang/String;I)Ljava/lang/String;+62
j  net.sourceforge.tess4j.Tesseract.doOCR(Ljava/util/List;Ljava/lang/String;Ljava/awt/Rectangle;)Ljava/lang/String;+62
j  net.sourceforge.tess4j.Tesseract.doOCR(Ljava/io/File;Ljava/awt/Rectangle;)Ljava/lang/String;+10
j  net.sourceforge.tess4j.Tesseract.doOCR(Ljava/io/File;)Ljava/lang/String;+3
j  tess4J.ImageSelecter.refreshFrame()V+21
j  tess4J.ImageSelecter.setImage()V+44
j  tess4J.ImageSelecter$1.actionPerformed(Ljava/awt/event/ActionEvent;)V+14
j  javax.swing.AbstractButton.fireActionPerformed(Ljava/awt/event/ActionEvent;)V+83 java.desktop@10.0.1
j  javax.swing.AbstractButton$Handler.actionPerformed(Ljava/awt/event/ActionEvent;)V+5 java.desktop@10.0.1
j  javax.swing.DefaultButtonModel.fireActionPerformed(Ljava/awt/event/ActionEvent;)V+34 java.desktop@10.0.1
j  javax.swing.DefaultButtonModel.setPressed(Z)V+117 java.desktop@10.0.1
j  javax.swing.plaf.basic.BasicButtonListener.mouseReleased(Ljava/awt/event/MouseEvent;)V+35 java.desktop@10.0.1
j  java.awt.Component.processMouseEvent(Ljava/awt/event/MouseEvent;)V+64 java.desktop@10.0.1
j  javax.swing.JComponent.processMouseEvent(Ljava/awt/event/MouseEvent;)V+23 java.desktop@10.0.1
j  java.awt.Component.processEvent(Ljava/awt/AWTEvent;)V+81 java.desktop@10.0.1
j  java.awt.Container.processEvent(Ljava/awt/AWTEvent;)V+18 java.desktop@10.0.1
j  java.awt.Component.dispatchEventImpl(Ljava/awt/AWTEvent;)V+496 java.desktop@10.0.1
j  java.awt.Container.dispatchEventImpl(Ljava/awt/AWTEvent;)V+42 java.desktop@10.0.1
j  java.awt.Component.dispatchEvent(Ljava/awt/AWTEvent;)V+2 java.desktop@10.0.1
j  java.awt.LightweightDispatcher.retargetMouseEvent(Ljava/awt/Component;ILjava/awt/event/MouseEvent;)V+349 java.desktop@10.0.1
j  java.awt.LightweightDispatcher.processMouseEvent(Ljava/awt/event/MouseEvent;)Z+155 java.desktop@10.0.1
j  java.awt.LightweightDispatcher.dispatchEvent(Ljava/awt/AWTEvent;)Z+50 java.desktop@10.0.1
j  java.awt.Container.dispatchEventImpl(Ljava/awt/AWTEvent;)V+12 java.desktop@10.0.1
j  java.awt.Window.dispatchEventImpl(Ljava/awt/AWTEvent;)V+19 java.desktop@10.0.1
j  java.awt.Component.dispatchEvent(Ljava/awt/AWTEvent;)V+2 java.desktop@10.0.1
j  java.awt.EventQueue.dispatchEventImpl(Ljava/awt/AWTEvent;Ljava/lang/Object;)V+41 java.desktop@10.0.1
j  java.awt.EventQueue.access$600(Ljava/awt/EventQueue;Ljava/awt/AWTEvent;Ljava/lang/Object;)V+3 java.desktop@10.0.1
j  java.awt.EventQueue$4.run()Ljava/lang/Void;+32 java.desktop@10.0.1
j  java.awt.EventQueue$4.run()Ljava/lang/Object;+1 java.desktop@10.0.1
v  ~StubRoutines::call_stub
J 992  java.security.AccessController.doPrivileged(Ljava/security/PrivilegedAction;Ljava/security/AccessControlContext;)Ljava/lang/Object; java.base@10.0.1 (0 bytes) @ 0x0000000117c92ea3 [0x0000000117c92e40+0x0000000000000063]
J 1049 c1 java.awt.EventQueue$5.run()Ljava/lang/Object; java.desktop@10.0.1 (5 bytes) @ 0x00000001108a715c [0x00000001108a6de0+0x000000000000037c]
v  ~StubRoutines::call_stub
J 992  java.security.AccessController.doPrivileged(Ljava/security/PrivilegedAction;Ljava/security/AccessControlContext;)Ljava/lang/Object; java.base@10.0.1 (0 bytes) @ 0x0000000117c92ea3 [0x0000000117c92e40+0x0000000000000063]
J 1041 c1 java.awt.EventQueue.dispatchEvent(Ljava/awt/AWTEvent;)V java.desktop@10.0.1 (80 bytes) @ 0x00000001108a1c2c [0x00000001108a1120+0x0000000000000b0c]
J 1043 c1 java.awt.EventDispatchThread.pumpOneEventForFilters(I)V java.desktop@10.0.1 (113 bytes) @ 0x00000001108a370c [0x00000001108a3020+0x00000000000006ec]
j  java.awt.EventDispatchThread.pumpEventsForFilter(ILjava/awt/Conditional;Ljava/awt/EventFilter;)V+35 java.desktop@10.0.1
j  java.awt.EventDispatchThread.pumpEventsForHierarchy(ILjava/awt/Conditional;Ljava/awt/Component;)V+11 java.desktop@10.0.1
j  java.awt.EventDispatchThread.pumpEvents(ILjava/awt/Conditional;)V+4 java.desktop@10.0.1
j  java.awt.EventDispatchThread.pumpEvents(Ljava/awt/Conditional;)V+3 java.desktop@10.0.1
j  java.awt.EventDispatchThread.run()V+9 java.desktop@10.0.1
v  ~StubRoutines::call_stub

siginfo: si_signo: 11 (SIGSEGV), si_code: 1 (SEGV_MAPERR), si_addr: 0x000000000000000c

Register to memory mapping:

RAX=0x0000000000000000 is an unknown value
RBX=0x0000000000000000 is an unknown value
RCX=0x0000000000000000 is an unknown value
RDX=0x00007fb41ebba6e0 is an unknown value
RSP=0x0000700008483c90 is pointing into the stack for thread: 0x00007fb41a133800
RBP=0x0000700008483e00 is pointing into the stack for thread: 0x00007fb41a133800
RSI=0x0000000000000000 is an unknown value
RDI=0x0000700008483d70 is pointing into the stack for thread: 0x00007fb41a133800
R8 =0x0000000000000000 is an unknown value
R9 =0x0000000000000000 is an unknown value
R10=0x00000000fffffc00 is an unknown value
R11=0x00007fb41ee00000 is an unknown value
R12=0x0000000000000000 is an unknown value
R13=0x0000000000000000 is an unknown value
R14=0x00007fb41ea83940 is an unknown value
R15=0x00007fb419a3a000 is an unknown value


Registers:
RAX=0x0000000000000000, RBX=0x0000000000000000, RCX=0x0000000000000000, RDX=0x00007fb41ebba6e0
RSP=0x0000700008483c90, RBP=0x0000700008483e00, RSI=0x0000000000000000, RDI=0x0000700008483d70
R8 =0x0000000000000000, R9 =0x0000000000000000, R10=0x00000000fffffc00, R11=0x00007fb41ee00000
R12=0x0000000000000000, R13=0x0000000000000000, R14=0x00007fb41ea83940, R15=0x00007fb419a3a000
RIP=0x0000000161c90ea8, EFLAGS=0x0000000000010246, ERR=0x0000000000000004
  TRAPNO=0x000000000000000e

Top of Stack: (sp=0x0000700008483c90)
0x0000700008483c90:   00007fb41ee0a250 00007fb41ea83940
0x0000700008483ca0:   0000000000000000 0000000000000000
0x0000700008483cb0:   0000000000000000 00007fb41ea7c690
0x0000700008483cc0:   00007fb41ea78420 00007fb41ea923d0
0x0000700008483cd0:   00007fb41ebba200 00007fb41ea78420
0x0000700008483ce0:   00007fb41ea923d0 00007fb41ea83948
0x0000700008483cf0:   00007fb41ea923d0 00007fb41ea923d0
0x0000700008483d00:   00007fb41ea923d0 00007fb41ea90000
0x0000700008483d10:   00007fb41ea923d0 00007fb41ea91000
0x0000700008483d20:   00007fb41ea923f8 00007fb41ee0a280
0x0000700008483d30:   00007fb41ea78420 00007fb41ebc1cd0
0x0000700008483d40:   00007fb41ea90000 00007fb41ea78420
0x0000700008483d50:   0000000000000000 00007fb41ea78440
0x0000700008483d60:   00007fb41ebba200 00007fb41ebba530
0x0000700008483d70:   00007fb41ebba6e0 00007fb41ea80000
0x0000700008483d80:   00007fb41ea7c690 0000000161c80901
0x0000700008483d90:   00007fb41ebb1c80 0000000161e201ec
0x0000700008483da0:   00007fb419a3a1f8 00007fb418dc5070
0x0000700008483db0:   00007fb41ea83940 00007fb419a3a000
0x0000700008483dc0:   0000000000000000 0000000000000000
0x0000700008483dd0:   0000000008483e00 0000700008483e01
0x0000700008483de0:   00007fb41ea83940 00007fb419a3a000
0x0000700008483df0:   00000000ffffffff 00007fb418dc5070
0x0000700008483e00:   0000700008483e70 0000000161c825e0
0x0000700008483e10:   00007fb418dc5070 000000010106a981
0x0000700008483e20:   0000700008483f60 0000000000000000
0x0000700008483e30:   0000700008483e50 000000010106a981
0x0000700008483e40:   0100000000000008 00007fb418dc5070
0x0000700008483e50:   0000000000000008 0000000000000001
0x0000700008483e60:   0000000000000000 0000700008483ff0
0x0000700008483e70:   0000700008483eb0 0000000161c8129a
0x0000700008483e80:   0000700008483ea0 00007fb41a133870 

Instructions: (pc=0x0000000161c90ea8)
0x0000000161c90e88:   e8 69 b6 10 00 41 83 bf c0 16 00 00 00 7e 0a 4c
0x0000000161c90e98:   89 ff e8 bb fe 0b 00 eb 15 49 8b 87 10 0b 00 00
0x0000000161c90ea8:   80 78 0c 00 74 08 4c 89 ff e8 18 ff 0b 00 41 83
0x0000000161c90eb8:   bf 40 4c 00 00 00 7e 3e 31 db 49 8b 87 48 4c 00 


---------------  P R O C E S S  ---------------

Threads class SMR info:
_java_thread_list=0x00007fb418daa740, length=16, elements={
0x00007fb41a805000, 0x00007fb4190aa800, 0x00007fb41a00a800, 0x00007fb419848800,
0x00007fb4190c9000, 0x00007fb41982d000, 0x00007fb41a00d800, 0x00007fb41a03a800,
0x00007fb41a043000, 0x00007fb41a05f000, 0x00007fb419305800, 0x00007fb41939f800,
0x00007fb419492000, 0x00007fb41a133800, 0x00007fb41a1ca000, 0x00007fb419008800
}

Java Threads: ( => current thread )
  0x00007fb41a805000 JavaThread "Reference Handler" daemon [_thread_blocked, id=17411, stack(0x0000700007456000,0x0000700007556000)]
  0x00007fb4190aa800 JavaThread "Finalizer" daemon [_thread_blocked, id=16643, stack(0x0000700007559000,0x0000700007659000)]
  0x00007fb41a00a800 JavaThread "Signal Dispatcher" daemon [_thread_blocked, id=43011, stack(0x000070000765c000,0x000070000775c000)]
  0x00007fb419848800 JavaThread "C2 CompilerThread0" daemon [_thread_blocked, id=23043, stack(0x000070000775f000,0x000070000785f000)]
  0x00007fb4190c9000 JavaThread "C2 CompilerThread1" daemon [_thread_blocked, id=23299, stack(0x0000700007862000,0x0000700007962000)]
  0x00007fb41982d000 JavaThread "C1 CompilerThread2" daemon [_thread_blocked, id=41731, stack(0x0000700007965000,0x0000700007a65000)]
  0x00007fb41a00d800 JavaThread "Sweeper thread" daemon [_thread_blocked, id=24067, stack(0x0000700007a68000,0x0000700007b68000)]
  0x00007fb41a03a800 JavaThread "Service Thread" daemon [_thread_blocked, id=24579, stack(0x0000700007b6b000,0x0000700007c6b000)]
  0x00007fb41a043000 JavaThread "Common-Cleaner" daemon [_thread_blocked, id=25347, stack(0x0000700007c6e000,0x0000700007d6e000)]
  0x00007fb41a05f000 JavaThread "AppKit Thread" daemon [_thread_in_native, id=775, stack(0x00007ffeeeb2e000,0x00007ffeef32e000)]
  0x00007fb419305800 JavaThread "AWT-Shutdown" [_thread_blocked, id=34563, stack(0x0000700007e74000,0x0000700007f74000)]
  0x00007fb41939f800 JavaThread "Java2D Queue Flusher" daemon [_thread_blocked, id=54023, stack(0x0000700008183000,0x0000700008283000)]
  0x00007fb419492000 JavaThread "Java2D Disposer" daemon [_thread_blocked, id=74243, stack(0x0000700008286000,0x0000700008386000)]
=>0x00007fb41a133800 JavaThread "AWT-EventQueue-0" [_thread_in_native, id=70659, stack(0x0000700008389000,0x0000700008489000)]
  0x00007fb41a1ca000 JavaThread "DestroyJavaVM" [_thread_blocked, id=6659, stack(0x00000001016a5000,0x00000001017a5000)]
  0x00007fb419008800 JavaThread "TimerQueue" daemon [_thread_blocked, id=70171, stack(0x000070000848c000,0x000070000858c000)]

Other Threads:
  0x00007fb4190ab800 VMThread "VM Thread" [stack: 0x0000700007353000,0x0000700007453000] [id=17923]
  0x00007fb419003800 WatcherThread [stack: 0x0000700007d71000,0x0000700007e71000] [id=40963]
  0x00007fb419016800 GCTaskThread "GC Thread#0" [stack: 0x0000700006832000,0x0000700006932000] [id=21251]
  0x00007fb419017800 GCTaskThread "GC Thread#1" [stack: 0x0000700006935000,0x0000700006a35000] [id=11779]
  0x00007fb419018000 GCTaskThread "GC Thread#2" [stack: 0x0000700006a38000,0x0000700006b38000] [id=12291]
  0x00007fb419019000 GCTaskThread "GC Thread#3" [stack: 0x0000700006b3b000,0x0000700006c3b000] [id=20739]
  0x00007fb419041800 ConcurrentGCThread "G1 Main Marker" [stack: 0x0000700006c3e000,0x0000700006d3e000] [id=12803]
  0x00007fb419042800 ConcurrentGCThread "G1 Conc#0" [stack: 0x0000700006d41000,0x0000700006e41000] [id=20227]
  0x00007fb41a803800 ConcurrentGCThread "G1 Refine#0" [stack: 0x0000700006e44000,0x0000700006f44000] [id=13571]
  0x00007fb41a804800 ConcurrentGCThread "G1 Refine#1" [stack: 0x0000700006f47000,0x0000700007047000] [id=14083]
  0x00007fb41907d800 ConcurrentGCThread "G1 Refine#2" [stack: 0x000070000704a000,0x000070000714a000] [id=19459]
  0x00007fb41907e800 ConcurrentGCThread "G1 Refine#3" [stack: 0x000070000714d000,0x000070000724d000] [id=18947]
  0x00007fb41907f000 ConcurrentGCThread "G1 Young RemSet Sampling" [stack: 0x0000700007250000,0x0000700007350000] [id=18435]

Threads with active compile tasks:

VM state:not at safepoint (normal execution)

VM Mutex/Monitor currently owned by a thread: None

Heap address: 0x0000000740000000, size: 2048 MB, Compressed Oops mode: Zero based, Oop shift amount: 3
Narrow klass base: 0x0000000000000000, Narrow klass shift: 3
Compressed class space size: 1073741824 Address: 0x00000007c0000000

Heap:
 garbage-first heap   total 131072K, used 78466K [0x0000000740000000, 0x00000007c0000000)
  region size 1024K, 4 young (4096K), 3 survivors (3072K)
 Metaspace       used 24499K, capacity 25014K, committed 25344K, reserved 1071104K
  class space    used 2745K, capacity 3020K, committed 3072K, reserved 1048576K
Heap Regions: E=young(eden), S=young(survivor), O=old, HS=humongous(starts), HC=humongous(continues), CS=collection set, F=free, A=archive, TS=gc time stamp, AC=allocation context, TAMS=top-at-mark-start (previous, next)
|   0|0x0000000740000000, 0x0000000740100000, 0x0000000740100000|100%|HS|  |TS  0|AC  0|TAMS 0x0000000740100000, 0x0000000740100000|
|   1|0x0000000740100000, 0x0000000740200000, 0x0000000740200000|100%|HS|  |TS  0|AC  0|TAMS 0x0000000740200000, 0x0000000740200000|
|   2|0x0000000740200000, 0x0000000740300000, 0x0000000740300000|100%|HS|  |TS  0|AC  0|TAMS 0x0000000740300000, 0x0000000740300000|
|   3|0x0000000740300000, 0x0000000740400000, 0x0000000740400000|100%| O|  |TS  0|AC  0|TAMS 0x0000000740400000, 0x0000000740400000|
|   4|0x0000000740400000, 0x0000000740500000, 0x0000000740500000|100%| O|  |TS  0|AC  0|TAMS 0x0000000740500000, 0x0000000740500000|
|   5|0x0000000740500000, 0x0000000740600000, 0x0000000740600000|100%| O|  |TS  0|AC  0|TAMS 0x0000000740600000, 0x0000000740600000|
|   6|0x0000000740600000, 0x0000000740700000, 0x0000000740700000|100%| O|  |TS  0|AC  0|TAMS 0x0000000740700000, 0x0000000740700000|
|   7|0x0000000740700000, 0x000000074075a800, 0x0000000740800000| 35%| O|  |TS  0|AC  0|TAMS 0x000000074075a800, 0x000000074075a800|
|   8|0x0000000740800000, 0x0000000740900000, 0x0000000740900000|100%|HS|  |TS  0|AC  0|TAMS 0x0000000740900000, 0x0000000740900000|
|   9|0x0000000740900000, 0x0000000740a00000, 0x0000000740a00000|100%|HS|  |TS  0|AC  0|TAMS 0x0000000740a00000, 0x0000000740a00000|
|  10|0x0000000740a00000, 0x0000000740b00000, 0x0000000740b00000|100%|HC|  |TS  0|AC  0|TAMS 0x0000000740b00000, 0x0000000740b00000|
|  11|0x0000000740b00000, 0x0000000740c00000, 0x0000000740c00000|100%|HC|  |TS  0|AC  0|TAMS 0x0000000740c00000, 0x0000000740c00000|
|  12|0x0000000740c00000, 0x0000000740d00000, 0x0000000740d00000|100%|HC|  |TS  0|AC  0|TAMS 0x0000000740d00000, 0x0000000740d00000|
|  13|0x0000000740d00000, 0x0000000740e00000, 0x0000000740e00000|100%|HC|  |TS  0|AC  0|TAMS 0x0000000740e00000, 0x0000000740e00000|
|  14|0x0000000740e00000, 0x0000000740f00000, 0x0000000740f00000|100%|HC|  |TS  0|AC  0|TAMS 0x0000000740f00000, 0x0000000740f00000|
|  15|0x0000000740f00000, 0x0000000741000000, 0x0000000741000000|100%|HC|  |TS  0|AC  0|TAMS 0x0000000741000000, 0x0000000741000000|
|  16|0x0000000741000000, 0x0000000741100000, 0x0000000741100000|100%|HC|  |TS  0|AC  0|TAMS 0x0000000741100000, 0x0000000741100000|
|  17|0x0000000741100000, 0x0000000741200000, 0x0000000741200000|100%|HC|  |TS  0|AC  0|TAMS 0x0000000741200000, 0x0000000741200000|
|  18|0x0000000741200000, 0x0000000741300000, 0x0000000741300000|100%|HC|  |TS  0|AC  0|TAMS 0x0000000741300000, 0x0000000741300000|
|  19|0x0000000741300000, 0x0000000741400000, 0x0000000741400000|100%|HC|  |TS  0|AC  0|TAMS 0x0000000741400000, 0x0000000741400000|
|  20|0x0000000741400000, 0x0000000741500000, 0x0000000741500000|100%|HC|  |TS  0|AC  0|TAMS 0x0000000741500000, 0x0000000741500000|
|  21|0x0000000741500000, 0x0000000741600000, 0x0000000741600000|100%|HS|  |TS  0|AC  0|TAMS 0x0000000741600000, 0x0000000741600000|
|  22|0x0000000741600000, 0x0000000741700000, 0x0000000741700000|100%|HC|  |TS  0|AC  0|TAMS 0x0000000741700000, 0x0000000741700000|
|  23|0x0000000741700000, 0x0000000741800000, 0x0000000741800000|100%|HC|  |TS  0|AC  0|TAMS 0x0000000741800000, 0x0000000741800000|
|  24|0x0000000741800000, 0x0000000741900000, 0x0000000741900000|100%|HC|  |TS  0|AC  0|TAMS 0x0000000741900000, 0x0000000741900000|
|  25|0x0000000741900000, 0x0000000741a00000, 0x0000000741a00000|100%|HC|  |TS  0|AC  0|TAMS 0x0000000741a00000, 0x0000000741a00000|
|  26|0x0000000741a00000, 0x0000000741b00000, 0x0000000741b00000|100%|HC|  |TS  0|AC  0|TAMS 0x0000000741b00000, 0x0000000741b00000|
|  27|0x0000000741b00000, 0x0000000741c00000, 0x0000000741c00000|100%|HC|  |TS  0|AC  0|TAMS 0x0000000741c00000, 0x0000000741c00000|
|  28|0x0000000741c00000, 0x0000000741d00000, 0x0000000741d00000|100%|HC|  |TS  0|AC  0|TAMS 0x0000000741d00000, 0x0000000741d00000|
|  29|0x0000000741d00000, 0x0000000741e00000, 0x0000000741e00000|100%|HC|  |TS  0|AC  0|TAMS 0x0000000741e00000, 0x0000000741e00000|
|  30|0x0000000741e00000, 0x0000000741f00000, 0x0000000741f00000|100%|HC|  |TS  0|AC  0|TAMS 0x0000000741f00000, 0x0000000741f00000|
|  31|0x0000000741f00000, 0x0000000742000000, 0x0000000742000000|100%|HC|  |TS  0|AC  0|TAMS 0x0000000742000000, 0x0000000742000000|
|  32|0x0000000742000000, 0x0000000742100000, 0x0000000742100000|100%|HC|  |TS  0|AC  0|TAMS 0x0000000742100000, 0x0000000742100000|
|  33|0x0000000742100000, 0x0000000742200000, 0x0000000742200000|100%|HS|  |TS  0|AC  0|TAMS 0x0000000742200000, 0x0000000742200000|
|  34|0x0000000742200000, 0x0000000742300000, 0x0000000742300000|100%|HC|  |TS  0|AC  0|TAMS 0x0000000742300000, 0x0000000742300000|
|  35|0x0000000742300000, 0x0000000742400000, 0x0000000742400000|100%|HC|  |TS  0|AC  0|TAMS 0x0000000742400000, 0x0000000742400000|
|  36|0x0000000742400000, 0x0000000742500000, 0x0000000742500000|100%|HC|  |TS  0|AC  0|TAMS 0x0000000742500000, 0x0000000742500000|
|  37|0x0000000742500000, 0x0000000742600000, 0x0000000742600000|100%|HS|  |TS  0|AC  0|TAMS 0x0000000742600000, 0x0000000742600000|
|  38|0x0000000742600000, 0x0000000742700000, 0x0000000742700000|100%|HC|  |TS  0|AC  0|TAMS 0x0000000742700000, 0x0000000742700000|
|  39|0x0000000742700000, 0x0000000742800000, 0x0000000742800000|100%|HC|  |TS  0|AC  0|TAMS 0x0000000742800000, 0x0000000742800000|
|  40|0x0000000742800000, 0x0000000742900000, 0x0000000742900000|100%|HC|  |TS  0|AC  0|TAMS 0x0000000742900000, 0x0000000742900000|
|  41|0x0000000742900000, 0x0000000742a00000, 0x0000000742a00000|100%|HC|  |TS  0|AC  0|TAMS 0x0000000742a00000, 0x0000000742a00000|
|  42|0x0000000742a00000, 0x0000000742b00000, 0x0000000742b00000|100%|HC|  |TS  0|AC  0|TAMS 0x0000000742b00000, 0x0000000742b00000|
|  43|0x0000000742b00000, 0x0000000742c00000, 0x0000000742c00000|100%|HC|  |TS  0|AC  0|TAMS 0x0000000742c00000, 0x0000000742c00000|
|  44|0x0000000742c00000, 0x0000000742d00000, 0x0000000742d00000|100%|HC|  |TS  0|AC  0|TAMS 0x0000000742d00000, 0x0000000742d00000|
|  45|0x0000000742d00000, 0x0000000742e00000, 0x0000000742e00000|100%|HC|  |TS  0|AC  0|TAMS 0x0000000742e00000, 0x0000000742e00000|
|  46|0x0000000742e00000, 0x0000000742f00000, 0x0000000742f00000|100%|HC|  |TS  0|AC  0|TAMS 0x0000000742f00000, 0x0000000742f00000|
|  47|0x0000000742f00000, 0x0000000743000000, 0x0000000743000000|100%|HC|  |TS  0|AC  0|TAMS 0x0000000743000000, 0x0000000743000000|
|  48|0x0000000743000000, 0x0000000743100000, 0x0000000743100000|100%|HC|  |TS  0|AC  0|TAMS 0x0000000743100000, 0x0000000743100000|
|  49|0x0000000743100000, 0x0000000743100000, 0x0000000743200000|  0%| F|  |TS  0|AC  0|TAMS 0x0000000743100000, 0x0000000743100000|
|  50|0x0000000743200000, 0x0000000743200000, 0x0000000743300000|  0%| F|  |TS  0|AC  0|TAMS 0x0000000743200000, 0x0000000743200000|
|  51|0x0000000743300000, 0x0000000743300000, 0x0000000743400000|  0%| F|  |TS  0|AC  0|TAMS 0x0000000743300000, 0x0000000743300000|
|  52|0x0000000743400000, 0x0000000743400000, 0x0000000743500000|  0%| F|  |TS  0|AC  0|TAMS 0x0000000743400000, 0x0000000743400000|
|  53|0x0000000743500000, 0x0000000743500000, 0x0000000743600000|  0%| F|  |TS  0|AC  0|TAMS 0x0000000743500000, 0x0000000743500000|
|  54|0x0000000743600000, 0x0000000743600000, 0x0000000743700000|  0%| F|  |TS  0|AC  0|TAMS 0x0000000743600000, 0x0000000743600000|
|  55|0x0000000743700000, 0x0000000743700000, 0x0000000743800000|  0%| F|  |TS  0|AC  0|TAMS 0x0000000743700000, 0x0000000743700000|
|  56|0x0000000743800000, 0x0000000743800000, 0x0000000743900000|  0%| F|  |TS  0|AC  0|TAMS 0x0000000743800000, 0x0000000743800000|
|  57|0x0000000743900000, 0x0000000743900000, 0x0000000743a00000|  0%| F|  |TS  0|AC  0|TAMS 0x0000000743900000, 0x0000000743900000|
|  58|0x0000000743a00000, 0x0000000743a00000, 0x0000000743b00000|  0%| F|  |TS  0|AC  0|TAMS 0x0000000743a00000, 0x0000000743a00000|
|  59|0x0000000743b00000, 0x0000000743b00000, 0x0000000743c00000|  0%| F|  |TS  0|AC  0|TAMS 0x0000000743b00000, 0x0000000743b00000|
|  60|0x0000000743c00000, 0x0000000743d00000, 0x0000000743d00000|100%|HS|  |TS  0|AC  0|TAMS 0x0000000743d00000, 0x0000000743d00000|
|  61|0x0000000743d00000, 0x0000000743e00000, 0x0000000743e00000|100%|HC|  |TS  0|AC  0|TAMS 0x0000000743e00000, 0x0000000743e00000|
|  62|0x0000000743e00000, 0x0000000743f00000, 0x0000000743f00000|100%|HC|  |TS  0|AC  0|TAMS 0x0000000743f00000, 0x0000000743f00000|
|  63|0x0000000743f00000, 0x0000000744000000, 0x0000000744000000|100%|HC|  |TS  0|AC  0|TAMS 0x0000000744000000, 0x0000000744000000|
|  64|0x0000000744000000, 0x0000000744100000, 0x0000000744100000|100%|HC|  |TS  0|AC  0|TAMS 0x0000000744100000, 0x0000000744100000|
|  65|0x0000000744100000, 0x0000000744200000, 0x0000000744200000|100%|HC|  |TS  0|AC  0|TAMS 0x0000000744200000, 0x0000000744200000|
|  66|0x0000000744200000, 0x0000000744300000, 0x0000000744300000|100%|HC|  |TS  0|AC  0|TAMS 0x0000000744300000, 0x0000000744300000|
|  67|0x0000000744300000, 0x0000000744400000, 0x0000000744400000|100%|HC|  |TS  0|AC  0|TAMS 0x0000000744400000, 0x0000000744400000|
|  68|0x0000000744400000, 0x0000000744500000, 0x0000000744500000|100%|HC|  |TS  0|AC  0|TAMS 0x0000000744500000, 0x0000000744500000|
|  69|0x0000000744500000, 0x0000000744600000, 0x0000000744600000|100%|HS|  |TS  0|AC  0|TAMS 0x0000000744500000, 0x0000000744500000|
|  70|0x0000000744600000, 0x0000000744700000, 0x0000000744700000|100%|HC|  |TS  0|AC  0|TAMS 0x0000000744600000, 0x0000000744600000|
|  71|0x0000000744700000, 0x0000000744800000, 0x0000000744800000|100%|HC|  |TS  0|AC  0|TAMS 0x0000000744700000, 0x0000000744700000|
|  72|0x0000000744800000, 0x0000000744900000, 0x0000000744900000|100%|HC|  |TS  0|AC  0|TAMS 0x0000000744800000, 0x0000000744800000|
|  73|0x0000000744900000, 0x0000000744a00000, 0x0000000744a00000|100%|HC|  |TS  0|AC  0|TAMS 0x0000000744900000, 0x0000000744900000|
|  74|0x0000000744a00000, 0x0000000744b00000, 0x0000000744b00000|100%|HC|  |TS  0|AC  0|TAMS 0x0000000744a00000, 0x0000000744a00000|
|  75|0x0000000744b00000, 0x0000000744c00000, 0x0000000744c00000|100%|HC|  |TS  0|AC  0|TAMS 0x0000000744b00000, 0x0000000744b00000|
|  76|0x0000000744c00000, 0x0000000744d00000, 0x0000000744d00000|100%|HC|  |TS  0|AC  0|TAMS 0x0000000744c00000, 0x0000000744c00000|
|  77|0x0000000744d00000, 0x0000000744e00000, 0x0000000744e00000|100%|HC|  |TS  0|AC  0|TAMS 0x0000000744d00000, 0x0000000744d00000|
|  78|0x0000000744e00000, 0x0000000744f00000, 0x0000000744f00000|100%|HC|  |TS  0|AC  0|TAMS 0x0000000744e00000, 0x0000000744e00000|
|  79|0x0000000744f00000, 0x0000000745000000, 0x0000000745000000|100%|HC|  |TS  0|AC  0|TAMS 0x0000000744f00000, 0x0000000744f00000|
|  80|0x0000000745000000, 0x0000000745100000, 0x0000000745100000|100%|HC|  |TS  0|AC  0|TAMS 0x0000000745000000, 0x0000000745000000|
|  81|0x0000000745100000, 0x0000000745200000, 0x0000000745200000|100%|HC|  |TS  0|AC  0|TAMS 0x0000000745100000, 0x0000000745100000|
|  82|0x0000000745200000, 0x0000000745300000, 0x0000000745300000|100%|HC|  |TS  0|AC  0|TAMS 0x0000000745200000, 0x0000000745200000|
|  83|0x0000000745300000, 0x0000000745400000, 0x0000000745400000|100%|HC|  |TS  0|AC  0|TAMS 0x0000000745300000, 0x0000000745300000|
|  84|0x0000000745400000, 0x0000000745500000, 0x0000000745500000|100%|HC|  |TS  0|AC  0|TAMS 0x0000000745400000, 0x0000000745400000|
|  85|0x0000000745500000, 0x0000000745600000, 0x0000000745600000|100%|HC|  |TS  0|AC  0|TAMS 0x0000000745500000, 0x0000000745500000|
|  86|0x0000000745600000, 0x0000000745600000, 0x0000000745700000|  0%| F|  |TS  0|AC  0|TAMS 0x0000000745600000, 0x0000000745600000|
|  87|0x0000000745700000, 0x0000000745700000, 0x0000000745800000|  0%| F|  |TS  0|AC  0|TAMS 0x0000000745700000, 0x0000000745700000|
|  88|0x0000000745800000, 0x0000000745800000, 0x0000000745900000|  0%| F|  |TS  0|AC  0|TAMS 0x0000000745800000, 0x0000000745800000|
|  89|0x0000000745900000, 0x0000000745900000, 0x0000000745a00000|  0%| F|  |TS  0|AC  0|TAMS 0x0000000745900000, 0x0000000745900000|
|  90|0x0000000745a00000, 0x0000000745a00000, 0x0000000745b00000|  0%| F|  |TS  0|AC  0|TAMS 0x0000000745a00000, 0x0000000745a00000|
|  91|0x0000000745b00000, 0x0000000745b00000, 0x0000000745c00000|  0%| F|  |TS  0|AC  0|TAMS 0x0000000745b00000, 0x0000000745b00000|
|  92|0x0000000745c00000, 0x0000000745c00000, 0x0000000745d00000|  0%| F|  |TS  0|AC  0|TAMS 0x0000000745c00000, 0x0000000745c00000|
|  93|0x0000000745d00000, 0x0000000745d00000, 0x0000000745e00000|  0%| F|  |TS  0|AC  0|TAMS 0x0000000745d00000, 0x0000000745d00000|
|  94|0x0000000745e00000, 0x0000000745e00000, 0x0000000745f00000|  0%| F|  |TS  0|AC  0|TAMS 0x0000000745e00000, 0x0000000745e00000|
|  95|0x0000000745f00000, 0x0000000745f00000, 0x0000000746000000|  0%| F|  |TS  0|AC  0|TAMS 0x0000000745f00000, 0x0000000745f00000|
|  96|0x0000000746000000, 0x0000000746000000, 0x0000000746100000|  0%| F|  |TS  0|AC  0|TAMS 0x0000000746000000, 0x0000000746000000|
|  97|0x0000000746100000, 0x0000000746100000, 0x0000000746200000|  0%| F|  |TS  0|AC  0|TAMS 0x0000000746100000, 0x0000000746100000|
|  98|0x0000000746200000, 0x0000000746200000, 0x0000000746300000|  0%| F|  |TS  0|AC  0|TAMS 0x0000000746200000, 0x0000000746200000|
|  99|0x0000000746300000, 0x0000000746300000, 0x0000000746400000|  0%| F|  |TS  0|AC  0|TAMS 0x0000000746300000, 0x0000000746300000|
| 100|0x0000000746400000, 0x0000000746400000, 0x0000000746500000|  0%| F|  |TS  0|AC  0|TAMS 0x0000000746400000, 0x0000000746400000|
| 101|0x0000000746500000, 0x0000000746500000, 0x0000000746600000|  0%| F|  |TS  0|AC  0|TAMS 0x0000000746500000, 0x0000000746500000|
| 102|0x0000000746600000, 0x0000000746600000, 0x0000000746700000|  0%| F|  |TS  0|AC  0|TAMS 0x0000000746600000, 0x0000000746600000|
| 103|0x0000000746700000, 0x0000000746700000, 0x0000000746800000|  0%| F|  |TS  0|AC  0|TAMS 0x0000000746700000, 0x0000000746700000|
| 104|0x0000000746800000, 0x0000000746800000, 0x0000000746900000|  0%| F|  |TS  0|AC  0|TAMS 0x0000000746800000, 0x0000000746800000|
| 105|0x0000000746900000, 0x0000000746900000, 0x0000000746a00000|  0%| F|  |TS  0|AC  0|TAMS 0x0000000746900000, 0x0000000746900000|
| 106|0x0000000746a00000, 0x0000000746a00000, 0x0000000746b00000|  0%| F|  |TS  0|AC  0|TAMS 0x0000000746a00000, 0x0000000746a00000|
| 107|0x0000000746b00000, 0x0000000746b00000, 0x0000000746c00000|  0%| F|  |TS  0|AC  0|TAMS 0x0000000746b00000, 0x0000000746b00000|
| 108|0x0000000746c00000, 0x0000000746c00000, 0x0000000746d00000|  0%| F|  |TS  0|AC  0|TAMS 0x0000000746c00000, 0x0000000746c00000|
| 109|0x0000000746d00000, 0x0000000746d00000, 0x0000000746e00000|  0%| F|  |TS  0|AC  0|TAMS 0x0000000746d00000, 0x0000000746d00000|
| 110|0x0000000746e00000, 0x0000000746e00000, 0x0000000746f00000|  0%| F|  |TS  0|AC  0|TAMS 0x0000000746e00000, 0x0000000746e00000|
| 111|0x0000000746f00000, 0x0000000746f00000, 0x0000000747000000|  0%| F|  |TS  0|AC  0|TAMS 0x0000000746f00000, 0x0000000746f00000|
| 112|0x0000000747000000, 0x0000000747000000, 0x0000000747100000|  0%| F|  |TS  0|AC  0|TAMS 0x0000000747000000, 0x0000000747000000|
| 113|0x0000000747100000, 0x0000000747100000, 0x0000000747200000|  0%| F|  |TS  0|AC  0|TAMS 0x0000000747100000, 0x0000000747100000|
| 114|0x0000000747200000, 0x0000000747200000, 0x0000000747300000|  0%| F|  |TS  0|AC  0|TAMS 0x0000000747200000, 0x0000000747200000|
| 115|0x0000000747300000, 0x0000000747300000, 0x0000000747400000|  0%| F|  |TS  0|AC  0|TAMS 0x0000000747300000, 0x0000000747300000|
| 116|0x0000000747400000, 0x0000000747400000, 0x0000000747500000|  0%| F|  |TS  0|AC  0|TAMS 0x0000000747400000, 0x0000000747400000|
| 117|0x0000000747500000, 0x0000000747500000, 0x0000000747600000|  0%| F|  |TS  0|AC  0|TAMS 0x0000000747500000, 0x0000000747500000|
| 118|0x0000000747600000, 0x0000000747600000, 0x0000000747700000|  0%| F|  |TS  0|AC  0|TAMS 0x0000000747600000, 0x0000000747600000|
| 119|0x0000000747700000, 0x0000000747700000, 0x0000000747800000|  0%| F|  |TS  0|AC  0|TAMS 0x0000000747700000, 0x0000000747700000|
| 120|0x0000000747800000, 0x0000000747800000, 0x0000000747900000|  0%| F|  |TS  0|AC  0|TAMS 0x0000000747800000, 0x0000000747800000|
| 121|0x0000000747900000, 0x0000000747900000, 0x0000000747a00000|  0%| F|  |TS  0|AC  0|TAMS 0x0000000747900000, 0x0000000747900000|
| 122|0x0000000747a00000, 0x0000000747a46100, 0x0000000747b00000| 27%| S|CS|TS  0|AC  0|TAMS 0x0000000747a00000, 0x0000000747a00000|
| 123|0x0000000747b00000, 0x0000000747c00000, 0x0000000747c00000|100%| S|CS|TS  0|AC  0|TAMS 0x0000000747b00000, 0x0000000747b00000|
| 124|0x0000000747c00000, 0x0000000747c00000, 0x0000000747d00000|  0%| F|  |TS  0|AC  0|TAMS 0x0000000747c00000, 0x0000000747c00000|
| 125|0x0000000747d00000, 0x0000000747d00000, 0x0000000747e00000|  0%| F|  |TS  0|AC  0|TAMS 0x0000000747d00000, 0x0000000747d00000|
| 126|0x0000000747e00000, 0x0000000747e9fac8, 0x0000000747f00000| 62%| E|  |TS  0|AC  0|TAMS 0x0000000747e00000, 0x0000000747e00000|
| 127|0x0000000747f00000, 0x0000000748000000, 0x0000000748000000|100%| S|CS|TS  0|AC  0|TAMS 0x0000000747f00000, 0x0000000747f00000|

Card table byte_map: [0x000000010dd22000,0x000000010e122000] byte_map_base: 0x000000010a322000

Marking Bits (Prev, Next): (CMBitMap*) 0x00007fb419040e60, (CMBitMap*) 0x00007fb419040e98
 Prev Bits: [0x000000011f16f000, 0x000000012116f000)
 Next Bits: [0x000000012116f000, 0x000000012316f000)

Polling page: 0x00000001017e9000

CodeHeap 'non-profiled nmethods': size=120032Kb used=928Kb max_used=928Kb free=119103Kb
 bounds [0x0000000117c37000, 0x0000000117ea7000, 0x000000011f16f000]
CodeHeap 'profiled nmethods': size=120032Kb used=4795Kb max_used=4795Kb free=115236Kb
 bounds [0x00000001106ff000, 0x0000000110bbf000, 0x0000000117c37000]
CodeHeap 'non-nmethods': size=5696Kb used=1255Kb max_used=1276Kb free=4440Kb
 bounds [0x000000011016f000, 0x00000001103df000, 0x00000001106ff000]
 total_blobs=3472 nmethods=2294 adapters=589
 compilation: enabled

Compilation events (10 events):
Event: 7.965 Thread 0x00007fb419848800 2377       4       java.io.RandomAccessFile::readFully (45 bytes)
Event: 7.967 Thread 0x00007fb419848800 nmethod 2377 0x0000000117d1e510 code [0x0000000117d1e6c0, 0x0000000117d1e788]
Event: 7.967 Thread 0x00007fb419848800 2378  s    4       java.io.ByteArrayOutputStream::write (66 bytes)
Event: 7.974 Thread 0x00007fb4190c9000 2379       4       java.lang.Math::min (12 bytes)
Event: 7.975 Thread 0x00007fb4190c9000 nmethod 2379 0x0000000117d1e890 code [0x0000000117d1ea20, 0x0000000117d1ea98]
Event: 7.977 Thread 0x00007fb419848800 nmethod 2378 0x0000000117d1eb10 code [0x0000000117d1ecc0, 0x0000000117d1f188]
Event: 8.086 Thread 0x00007fb41982d000 2380       3       jdk.internal.reflect.ClassFileAssembler::emitShort (24 bytes)
Event: 8.086 Thread 0x00007fb41982d000 nmethod 2380 0x0000000110baf590 code [0x0000000110baf780, 0x0000000110bafad8]
Event: 8.086 Thread 0x00007fb41982d000 2381       3       jdk.internal.reflect.ByteVectorImpl::getLength (7 bytes)
Event: 8.087 Thread 0x00007fb41982d000 nmethod 2381 0x0000000110bafc90 code [0x0000000110bafe40, 0x0000000110baff90]

GC Heap History (10 events):
Event: 7.295 GC heap before
{Heap before GC invocations=5 (full 0):
 garbage-first heap   total 131072K, used 74687K [0x0000000740000000, 0x00000007c0000000)
  region size 1024K, 49 young (50176K), 2 survivors (2048K)
 Metaspace       used 21172K, capacity 21649K, committed 21888K, reserved 1069056K
  class space    used 2340K, capacity 2582K, committed 2688K, reserved 1048576K
}
Event: 7.297 GC heap after
{Heap after GC invocations=6 (full 0):
 garbage-first heap   total 131072K, used 26602K [0x0000000740000000, 0x00000007c0000000)
  region size 1024K, 2 young (2048K), 2 survivors (2048K)
 Metaspace       used 21172K, capacity 21649K, committed 21888K, reserved 1069056K
  class space    used 2340K, capacity 2582K, committed 2688K, reserved 1048576K
}
Event: 7.860 GC heap before
{Heap before GC invocations=6 (full 0):
 garbage-first heap   total 131072K, used 95210K [0x0000000740000000, 0x00000007c0000000)
  region size 1024K, 57 young (58368K), 2 survivors (2048K)
 Metaspace       used 24140K, capacity 24592K, committed 24960K, reserved 1071104K
  class space    used 2676K, capacity 2923K, committed 2944K, reserved 1048576K
}
Event: 7.869 GC heap after
{Heap after GC invocations=7 (full 0):
 garbage-first heap   total 131072K, used 39371K [0x0000000740000000, 0x00000007c0000000)
  region size 1024K, 3 young (3072K), 3 survivors (3072K)
 Metaspace       used 24140K, capacity 24592K, committed 24960K, reserved 1071104K
  class space    used 2676K, capacity 2923K, committed 2944K, reserved 1048576K
}
Event: 7.955 GC heap before
{Heap before GC invocations=7 (full 0):
 garbage-first heap   total 131072K, used 72139K [0x0000000740000000, 0x00000007c0000000)
  region size 1024K, 18 young (18432K), 3 survivors (3072K)
 Metaspace       used 24492K, capacity 25008K, committed 25344K, reserved 1071104K
  class space    used 2744K, capacity 3019K, committed 3072K, reserved 1048576K
}
Event: 7.958 GC heap after
{Heap after GC invocations=8 (full 0):
 garbage-first heap   total 131072K, used 54795K [0x0000000740000000, 0x00000007c0000000)
  region size 1024K, 3 young (3072K), 3 survivors (3072K)
 Metaspace       used 24492K, capacity 25008K, committed 25344K, reserved 1071104K
  class space    used 2744K, capacity 3019K, committed 3072K, reserved 1048576K
}
Event: 7.982 GC heap before
{Heap before GC invocations=9 (full 0):
 garbage-first heap   total 131072K, used 59915K [0x0000000740000000, 0x00000007c0000000)
  region size 1024K, 4 young (4096K), 3 survivors (3072K)
 Metaspace       used 24492K, capacity 25008K, committed 25344K, reserved 1071104K
  class space    used 2744K, capacity 3019K, committed 3072K, reserved 1048576K
}
Event: 7.984 GC heap after
{Heap after GC invocations=10 (full 0):
 garbage-first heap   total 131072K, used 56810K [0x0000000740000000, 0x00000007c0000000)
  region size 1024K, 3 young (3072K), 3 survivors (3072K)
 Metaspace       used 24492K, capacity 25008K, committed 25344K, reserved 1071104K
  class space    used 2744K, capacity 3019K, committed 3072K, reserved 1048576K
}
Event: 8.022 GC heap before
{Heap before GC invocations=11 (full 0):
 garbage-first heap   total 131072K, used 66026K [0x0000000740000000, 0x00000007c0000000)
  region size 1024K, 3 young (3072K), 3 survivors (3072K)
 Metaspace       used 24492K, capacity 25008K, committed 25344K, reserved 1071104K
  class space    used 2744K, capacity 3019K, committed 3072K, reserved 1048576K
}
Event: 8.025 GC heap after
{Heap after GC invocations=12 (full 0):
 garbage-first heap   total 131072K, used 61058K [0x0000000740000000, 0x00000007c0000000)
  region size 1024K, 3 young (3072K), 3 survivors (3072K)
 Metaspace       used 24492K, capacity 25008K, committed 25344K, reserved 1071104K
  class space    used 2744K, capacity 3019K, committed 3072K, reserved 1048576K
}

Deoptimization events (10 events):
Event: 7.361 Thread 0x00007fb41a133800 Uncommon trap: reason=class_check action=maybe_recompile pc=0x0000000117cdce28 method=java.io.BufferedInputStream.read1([BII)I @ 39 c2
Event: 7.361 Thread 0x00007fb41a133800 Uncommon trap: reason=class_check action=maybe_recompile pc=0x0000000117cdce28 method=java.io.BufferedInputStream.read1([BII)I @ 39 c2
Event: 7.386 Thread 0x00007fb41a133800 Uncommon trap: reason=class_check action=maybe_recompile pc=0x0000000117cdce28 method=java.io.BufferedInputStream.read1([BII)I @ 39 c2
Event: 7.397 Thread 0x00007fb41a133800 Uncommon trap: reason=unstable_if action=reinterpret pc=0x0000000117cf4388 method=java.io.BufferedReader.read()I @ 19 c2
Event: 7.398 Thread 0x00007fb41a133800 Uncommon trap: reason=unstable_if action=reinterpret pc=0x0000000117cf3cfc method=java.io.BufferedReader.read()I @ 19 c2
Event: 7.401 Thread 0x00007fb41a133800 Uncommon trap: reason=unstable_if action=reinterpret pc=0x0000000117cd0a98 method=java.lang.String.startsWith(Ljava/lang/String;I)Z @ 14 c2
Event: 7.636 Thread 0x00007fb41a133800 Uncommon trap: reason=unstable_if action=reinterpret pc=0x0000000117c7e314 method=java.lang.invoke.InvokerBytecodeGenerator.isStaticallyNameable(Ljava/lang/Class;)Z @ 12 c2
Event: 7.644 Thread 0x00007fb41a133800 Uncommon trap: reason=unstable_if action=reinterpret pc=0x0000000117c9d948 method=java.util.HashMap.getNode(ILjava/lang/Object;)Ljava/util/HashMap$Node; @ 62 c2
Event: 7.644 Thread 0x00007fb41a133800 Uncommon trap: reason=unstable_if action=reinterpret pc=0x0000000117c9c1d8 method=java.util.HashMap.getNode(ILjava/lang/Object;)Ljava/util/HashMap$Node; @ 62 c2
Event: 8.048 Thread 0x00007fb41a133800 Uncommon trap: reason=unstable_if action=reinterpret pc=0x0000000117d1ea68 method=java.lang.Math.min(JJ)J @ 3 c2

Classes redefined (0 events):
No events

Internal exceptions (10 events):
Event: 3.689 Thread 0x00007fb4190aa800 Exception <a 'java/lang/NullPointerException'{0x0000000747e00be8}> (0x0000000747e00be8) thrown at [/scratch/mesos/slaves/555f5737-a945-4eb0-8d30-afb1fc816afd-S70/frameworks/1735e8a2-a1db-478c-8104-60c8b0af87dd-0196/executors/5e9592f9-a111-4fb7-8dfd-808e6c
Event: 3.689 Thread 0x00007fb4190aa800 Exception <a 'java/lang/NullPointerException'{0x0000000747e00eb8}> (0x0000000747e00eb8) thrown at [/scratch/mesos/slaves/555f5737-a945-4eb0-8d30-afb1fc816afd-S70/frameworks/1735e8a2-a1db-478c-8104-60c8b0af87dd-0196/executors/5e9592f9-a111-4fb7-8dfd-808e6c
Event: 3.752 Thread 0x00007fb41a133800 Exception <a 'java/lang/NoSuchMethodError'{0x0000000747efe840}: method resolution failed> (0x0000000747efe840) thrown at [/scratch/mesos/slaves/555f5737-a945-4eb0-8d30-afb1fc816afd-S70/frameworks/1735e8a2-a1db-478c-8104-60c8b0af87dd-0196/executors/5e9592f
Event: 3.753 Thread 0x00007fb41a133800 Exception <a 'java/lang/NoSuchMethodError'{0x0000000747d7a9d0}: java.lang.invoke.DirectMethodHandle$Holder.invokeStatic(Ljava/lang/Object;Ljava/lang/Object;IIII)Ljava/lang/Object;> (0x0000000747d7a9d0) thrown at [/scratch/mesos/slaves/555f5737-a945-4eb0-8
Event: 3.753 Thread 0x00007fb41a133800 Exception <a 'java/lang/NoSuchMethodError'{0x0000000747d7eaa0}: method resolution failed> (0x0000000747d7eaa0) thrown at [/scratch/mesos/slaves/555f5737-a945-4eb0-8d30-afb1fc816afd-S70/frameworks/1735e8a2-a1db-478c-8104-60c8b0af87dd-0196/executors/5e9592f
Event: 3.834 Thread 0x00007fb41a133800 Exception <a 'java/lang/NoSuchMethodError'{0x0000000747f6f0f8}: java.lang.invoke.DirectMethodHandle$Holder.invokeStatic(Ljava/lang/Object;Ljava/lang/Object;)I> (0x0000000747f6f0f8) thrown at [/scratch/mesos/slaves/555f5737-a945-4eb0-8d30-afb1fc816afd-S70/
Event: 7.395 Thread 0x00007fb41a133800 Exception <a 'java/lang/ClassNotFoundException'{0x0000000746c6c050}: javax/smartcardio/CardPermission> (0x0000000746c6c050) thrown at [/scratch/mesos/slaves/555f5737-a945-4eb0-8d30-afb1fc816afd-S70/frameworks/1735e8a2-a1db-478c-8104-60c8b0af87dd-0196/exec
Event: 7.398 Thread 0x00007fb41a133800 Exception <a 'java/io/FileNotFoundException'{0x0000000746c7b4c8}> (0x0000000746c7b4c8) thrown at [/scratch/mesos/slaves/555f5737-a945-4eb0-8d30-afb1fc816afd-S70/frameworks/1735e8a2-a1db-478c-8104-60c8b0af87dd-0196/executors/5e9592f9-a111-4fb7-8dfd-808e6c9
Event: 7.628 Thread 0x00007fb41a133800 Exception <a 'java/lang/NoSuchMethodError'{0x0000000745e0c078}: java.lang.invoke.DirectMethodHandle$Holder.invokeInterface(Ljava/lang/Object;Ljava/lang/Object;Ljava/lang/Object;)I> (0x0000000745e0c078) thrown at [/scratch/mesos/slaves/555f5737-a945-4eb0-8
Event: 7.636 Thread 0x00007fb41a133800 Exception <a 'java/lang/NoSuchMethodError'{0x0000000745e3e8f8}: java.lang.Object.of([Ljava/lang/Object;)Ljava/util/stream/Stream;> (0x0000000745e3e8f8) thrown at [/scratch/mesos/slaves/555f5737-a945-4eb0-8d30-afb1fc816afd-S70/frameworks/1735e8a2-a1db-478c

Events (10 events):
Event: 8.025 Executing VM operation: G1IncCollectionPause done
Event: 8.032 Executing VM operation: CGC_Operation
Event: 8.035 Executing VM operation: CGC_Operation done
Event: 8.037 Executing VM operation: CGC_Operation
Event: 8.037 Executing VM operation: CGC_Operation done
Event: 8.048 Thread 0x00007fb41a133800 Uncommon trap: trap_request=0xffffff55 fr.pc=0x0000000117d1ea68 relative=0x0000000000000048
Event: 8.048 Thread 0x00007fb41a133800 DEOPT PACKING pc=0x0000000117d1ea68 sp=0x0000700008484aa0
Event: 8.048 Thread 0x00007fb41a133800 DEOPT UNPACKING pc=0x0000000110197325 sp=0x0000700008484a60 mode 2
Event: 8.060 loading class com/sun/jna/Native$Buffers
Event: 8.060 loading class com/sun/jna/Native$Buffers done


Dynamic libraries:
0x00007fff3e899000 	/System/Library/Frameworks/Cocoa.framework/Versions/A/Cocoa
0x00007fff4aea6000 	/System/Library/Frameworks/Security.framework/Versions/A/Security
0x00007fff3d4dc000 	/System/Library/Frameworks/ApplicationServices.framework/Versions/A/ApplicationServices
0x00007fff66cc7000 	/usr/lib/libz.1.dylib
0x00007fff64bf9000 	/usr/lib/libSystem.B.dylib
0x00007fff3f050000 	/System/Library/Frameworks/CoreFoundation.framework/Versions/A/CoreFoundation
0x00007fff411b1000 	/System/Library/Frameworks/Foundation.framework/Versions/C/Foundation
0x00007fff662b1000 	/usr/lib/libobjc.A.dylib
0x00007fff3c62c000 	/System/Library/Frameworks/AppKit.framework/Versions/C/AppKit
0x00007fff3ec11000 	/System/Library/Frameworks/CoreData.framework/Versions/A/CoreData
0x00007fff5e543000 	/System/Library/PrivateFrameworks/RemoteViewServices.framework/Versions/A/RemoteViewServices
0x00007fff62c9e000 	/System/Library/PrivateFrameworks/UIFoundation.framework/Versions/A/UIFoundation
0x00007fff5335c000 	/System/Library/PrivateFrameworks/DFRFoundation.framework/Versions/A/DFRFoundation
0x00007fff4381b000 	/System/Library/Frameworks/Metal.framework/Versions/A/Metal
0x00007fff534f9000 	/System/Library/PrivateFrameworks/DesktopServicesPriv.framework/Versions/A/DesktopServicesPriv
0x00007fff657ff000 	/usr/lib/libenergytrace.dylib
0x00007fff60d0a000 	/System/Library/PrivateFrameworks/SkyLight.framework/Versions/A/SkyLight
0x00007fff3f4f3000 	/System/Library/Frameworks/CoreGraphics.framework/Versions/A/CoreGraphics
0x00007fff64bf4000 	/usr/lib/libScreenReader.dylib
0x00007fff3b5c7000 	/System/Library/Frameworks/Accelerate.framework/Versions/A/Accelerate
0x00007fff4192a000 	/System/Library/Frameworks/IOSurface.framework/Versions/A/IOSurface
0x00007fff3da26000 	/System/Library/Frameworks/AudioToolbox.framework/Versions/A/AudioToolbox
0x00007fff3dcb5000 	/System/Library/Frameworks/AudioUnit.framework/Versions/A/AudioUnit
0x00007fff533f4000 	/System/Library/PrivateFrameworks/DataDetectorsCore.framework/Versions/A/DataDetectorsCore
0x00007fff3e38c000 	/System/Library/Frameworks/Carbon.framework/Versions/A/Frameworks/HIToolbox.framework/Versions/A/HIToolbox
0x00007fff65959000 	/usr/lib/libicucore.A.dylib
0x00007fff4a426000 	/System/Library/Frameworks/QuartzCore.framework/Versions/A/QuartzCore
0x00007fff5ffc0000 	/System/Library/PrivateFrameworks/SignpostNotification.framework/Versions/A/SignpostNotification
0x00007fff3e772000 	/System/Library/Frameworks/Carbon.framework/Versions/A/Frameworks/SpeechRecognition.framework/Versions/A/SpeechRecognition
0x00007fff64d55000 	/usr/lib/libauto.dylib
0x00007fff66bb6000 	/usr/lib/libxml2.2.dylib
0x00007fff52fad000 	/System/Library/PrivateFrameworks/CoreUI.framework/Versions/A/CoreUI
0x00007fff3eaed000 	/System/Library/Frameworks/CoreAudio.framework/Versions/A/CoreAudio
0x00007fff40feb000 	/System/Library/Frameworks/DiskArbitration.framework/Versions/A/DiskArbitration
0x00007fff65bcd000 	/usr/lib/liblangid.dylib
0x00007fff5aa50000 	/System/Library/PrivateFrameworks/MultitouchSupport.framework/Versions/A/MultitouchSupport
0x00007fff4188d000 	/System/Library/Frameworks/IOKit.framework/Versions/A/IOKit
0x00007fff64883000 	/usr/lib/libDiagnosticMessagesClient.dylib
0x00007fff401c9000 	/System/Library/Frameworks/CoreServices.framework/Versions/A/CoreServices
0x00007fff5c580000 	/System/Library/PrivateFrameworks/PerformanceAnalysis.framework/Versions/A/PerformanceAnalysis
0x00007fff495c8000 	/System/Library/Frameworks/OpenGL.framework/Versions/A/OpenGL
0x00007fff3e8a7000 	/System/Library/Frameworks/ColorSync.framework/Versions/A/ColorSync
0x00007fff3fb05000 	/System/Library/Frameworks/CoreImage.framework/Versions/A/CoreImage
0x00007fff40b59000 	/System/Library/Frameworks/CoreText.framework/Versions/A/CoreText
0x00007fff41988000 	/System/Library/Frameworks/ImageIO.framework/Versions/A/ImageIO
0x00007fff4fcab000 	/System/Library/PrivateFrameworks/Backup.framework/Versions/A/Backup
0x00007fff64ca5000 	/usr/lib/libarchive.2.dylib
0x00007fff3dfd8000 	/System/Library/Frameworks/CFNetwork.framework/Versions/A/CFNetwork
0x00007fff4b637000 	/System/Library/Frameworks/SystemConfiguration.framework/Versions/A/SystemConfiguration
0x00007fff647ac000 	/usr/lib/libCRFSuite.dylib
0x00007fff64e2e000 	/usr/lib/libc++.1.dylib
0x00007fff64e85000 	/usr/lib/libc++abi.dylib
0x00007fff66d75000 	/usr/lib/system/libcache.dylib
0x00007fff66d7a000 	/usr/lib/system/libcommonCrypto.dylib
0x00007fff66d85000 	/usr/lib/system/libcompiler_rt.dylib
0x00007fff66d8d000 	/usr/lib/system/libcopyfile.dylib
0x00007fff66d97000 	/usr/lib/system/libcorecrypto.dylib
0x00007fff66ea4000 	/usr/lib/system/libdispatch.dylib
0x00007fff66ede000 	/usr/lib/system/libdyld.dylib
0x00007fff66efc000 	/usr/lib/system/libkeymgr.dylib
0x00007fff66f0a000 	/usr/lib/system/liblaunch.dylib
0x00007fff66f0b000 	/usr/lib/system/libmacho.dylib
0x00007fff66f10000 	/usr/lib/system/libquarantine.dylib
0x00007fff66f13000 	/usr/lib/system/libremovefile.dylib
0x00007fff66f15000 	/usr/lib/system/libsystem_asl.dylib
0x00007fff66f2d000 	/usr/lib/system/libsystem_blocks.dylib
0x00007fff66f2e000 	/usr/lib/system/libsystem_c.dylib
0x00007fff66fb8000 	/usr/lib/system/libsystem_configuration.dylib
0x00007fff66fbc000 	/usr/lib/system/libsystem_coreservices.dylib
0x00007fff66fc0000 	/usr/lib/system/libsystem_darwin.dylib
0x00007fff66fc2000 	/usr/lib/system/libsystem_dnssd.dylib
0x00007fff66fc9000 	/usr/lib/system/libsystem_info.dylib
0x00007fff6703a000 	/usr/lib/system/libsystem_m.dylib
0x00007fff67086000 	/usr/lib/system/libsystem_malloc.dylib
0x00007fff670a6000 	/usr/lib/system/libsystem_network.dylib
0x00007fff671d7000 	/usr/lib/system/libsystem_networkextension.dylib
0x00007fff671e2000 	/usr/lib/system/libsystem_notify.dylib
0x00007fff67200000 	/usr/lib/system/libsystem_sandbox.dylib
0x00007fff67204000 	/usr/lib/system/libsystem_secinit.dylib
0x00007fff67013000 	/usr/lib/system/libsystem_kernel.dylib
0x00007fff671ec000 	/usr/lib/system/libsystem_platform.dylib
0x00007fff671f4000 	/usr/lib/system/libsystem_pthread.dylib
0x00007fff67206000 	/usr/lib/system/libsystem_symptoms.dylib
0x00007fff6720e000 	/usr/lib/system/libsystem_trace.dylib
0x00007fff67223000 	/usr/lib/system/libunwind.dylib
0x00007fff67229000 	/usr/lib/system/libxpc.dylib
0x00007fff646bf000 	/usr/lib/closure/libclosured.dylib
0x00007fff64e0f000 	/usr/lib/libbsm.0.dylib
0x00007fff66efd000 	/usr/lib/system/libkxld.dylib
0x00007fff64abd000 	/usr/lib/libOpenScriptingUtil.dylib
0x00007fff6517e000 	/usr/lib/libcoretls.dylib
0x00007fff65197000 	/usr/lib/libcoretls_cfhelpers.dylib
0x00007fff666b2000 	/usr/lib/libpam.2.dylib
0x00007fff667d9000 	/usr/lib/libsqlite3.dylib
0x00007fff66ba5000 	/usr/lib/libxar.1.dylib
0x00007fff64e20000 	/usr/lib/libbz2.1.0.dylib
0x00007fff65bcf000 	/usr/lib/liblzma.5.dylib
0x00007fff660b0000 	/usr/lib/libnetwork.dylib
0x00007fff64c8e000 	/usr/lib/libapple_nghttp2.dylib
0x00007fff666b9000 	/usr/lib/libpcap.A.dylib
0x00007fff64d56000 	/usr/lib/libboringssl.dylib
0x00007fff66b40000 	/usr/lib/libusrtcp.dylib
0x00007fff64c8d000 	/usr/lib/libapple_crypto.dylib
0x00007fff4054c000 	/System/Library/Frameworks/CoreServices.framework/Versions/A/Frameworks/FSEvents.framework/Versions/A/FSEvents
0x00007fff4023f000 	/System/Library/Frameworks/CoreServices.framework/Versions/A/Frameworks/CarbonCore.framework/Versions/A/CarbonCore
0x00007fff40713000 	/System/Library/Frameworks/CoreServices.framework/Versions/A/Frameworks/Metadata.framework/Versions/A/Metadata
0x00007fff407c4000 	/System/Library/Frameworks/CoreServices.framework/Versions/A/Frameworks/OSServices.framework/Versions/A/OSServices
0x00007fff40825000 	/System/Library/Frameworks/CoreServices.framework/Versions/A/Frameworks/SearchKit.framework/Versions/A/SearchKit
0x00007fff401ca000 	/System/Library/Frameworks/CoreServices.framework/Versions/A/Frameworks/AE.framework/Versions/A/AE
0x00007fff40555000 	/System/Library/Frameworks/CoreServices.framework/Versions/A/Frameworks/LaunchServices.framework/Versions/A/LaunchServices
0x00007fff40517000 	/System/Library/Frameworks/CoreServices.framework/Versions/A/Frameworks/DictionaryServices.framework/Versions/A/DictionaryServices
0x00007fff40894000 	/System/Library/Frameworks/CoreServices.framework/Versions/A/Frameworks/SharedFileList.framework/Versions/A/SharedFileList
0x00007fff44a51000 	/System/Library/Frameworks/NetFS.framework/Versions/A/NetFS
0x00007fff5ace1000 	/System/Library/PrivateFrameworks/NetAuth.framework/Versions/A/NetAuth
0x00007fff64556000 	/System/Library/PrivateFrameworks/login.framework/Versions/A/Frameworks/loginsupport.framework/Versions/A/loginsupport
0x00007fff6291b000 	/System/Library/PrivateFrameworks/TCC.framework/Versions/A/TCC
0x00007fff65cb0000 	/usr/lib/libmecabra.dylib
0x00007fff3d4dd000 	/System/Library/Frameworks/ApplicationServices.framework/Versions/A/Frameworks/ATS.framework/Versions/A/ATS
0x00007fff3d88b000 	/System/Library/Frameworks/ApplicationServices.framework/Versions/A/Frameworks/ColorSyncLegacy.framework/Versions/A/ColorSyncLegacy
0x00007fff3d92f000 	/System/Library/Frameworks/ApplicationServices.framework/Versions/A/Frameworks/HIServices.framework/Versions/A/HIServices
0x00007fff3d982000 	/System/Library/Frameworks/ApplicationServices.framework/Versions/A/Frameworks/LangAnalysis.framework/Versions/A/LangAnalysis
0x00007fff3d991000 	/System/Library/Frameworks/ApplicationServices.framework/Versions/A/Frameworks/PrintCore.framework/Versions/A/PrintCore
0x00007fff3d9de000 	/System/Library/Frameworks/ApplicationServices.framework/Versions/A/Frameworks/QD.framework/Versions/A/QD
0x00007fff3da19000 	/System/Library/Frameworks/ApplicationServices.framework/Versions/A/Frameworks/SpeechSynthesis.framework/Versions/A/SpeechSynthesis
0x00007fff3ef68000 	/System/Library/Frameworks/CoreDisplay.framework/Versions/A/CoreDisplay
0x00007fff3b5df000 	/System/Library/Frameworks/Accelerate.framework/Versions/A/Frameworks/vImage.framework/Versions/A/vImage
0x00007fff3c339000 	/System/Library/Frameworks/Accelerate.framework/Versions/A/Frameworks/vecLib.framework/Versions/A/vecLib
0x00007fff3c0d9000 	/System/Library/Frameworks/Accelerate.framework/Versions/A/Frameworks/vecLib.framework/Versions/A/libvDSP.dylib
0x00007fff3bc39000 	/System/Library/Frameworks/Accelerate.framework/Versions/A/Frameworks/vecLib.framework/Versions/A/libBNNS.dylib
0x00007fff3c03e000 	/System/Library/Frameworks/Accelerate.framework/Versions/A/Frameworks/vecLib.framework/Versions/A/libQuadrature.dylib
0x00007fff3c287000 	/System/Library/Frameworks/Accelerate.framework/Versions/A/Frameworks/vecLib.framework/Versions/A/libvMisc.dylib
0x00007fff3bc68000 	/System/Library/Frameworks/Accelerate.framework/Versions/A/Frameworks/vecLib.framework/Versions/A/libLAPACK.dylib
0x00007fff3bade000 	/System/Library/Frameworks/Accelerate.framework/Versions/A/Frameworks/vecLib.framework/Versions/A/libBLAS.dylib
0x00007fff3c028000 	/System/Library/Frameworks/Accelerate.framework/Versions/A/Frameworks/vecLib.framework/Versions/A/libLinearAlgebra.dylib
0x00007fff3c044000 	/System/Library/Frameworks/Accelerate.framework/Versions/A/Frameworks/vecLib.framework/Versions/A/libSparse.dylib
0x00007fff3c0c5000 	/System/Library/Frameworks/Accelerate.framework/Versions/A/Frameworks/vecLib.framework/Versions/A/libSparseBLAS.dylib
0x00007fff57b36000 	/System/Library/PrivateFrameworks/GPUWrangler.framework/Versions/A/GPUWrangler
0x00007fff592c6000 	/System/Library/PrivateFrameworks/IOAccelerator.framework/Versions/A/IOAccelerator
0x00007fff592d1000 	/System/Library/PrivateFrameworks/IOPresentment.framework/Versions/A/IOPresentment
0x00007fff5336e000 	/System/Library/PrivateFrameworks/DSExternalDisplay.framework/Versions/A/DSExternalDisplay
0x00007fff48a48000 	/System/Library/Frameworks/OpenGL.framework/Versions/A/Libraries/libCoreFSCache.dylib
0x00007fff40caa000 	/System/Library/Frameworks/CoreVideo.framework/Versions/A/CoreVideo
0x00007fff588b1000 	/System/Library/PrivateFrameworks/GraphVisualizer.framework/Versions/A/GraphVisualizer
0x00007fff43a52000 	/System/Library/Frameworks/MetalPerformanceShaders.framework/Versions/A/MetalPerformanceShaders
0x00007fff648bb000 	/usr/lib/libFosl_dynamic.dylib
0x00007fff54440000 	/System/Library/PrivateFrameworks/FaceCore.framework/Versions/A/FaceCore
0x00007fff4784f000 	/System/Library/Frameworks/OpenCL.framework/Versions/A/OpenCL
0x00007fff64ebc000 	/usr/lib/libcompression.dylib
0x00007fff3d5dc000 	/System/Library/Frameworks/ApplicationServices.framework/Versions/A/Frameworks/ATS.framework/Versions/A/Resources/libFontParser.dylib
0x00007fff3d6ff000 	/System/Library/Frameworks/ApplicationServices.framework/Versions/A/Frameworks/ATS.framework/Versions/A/Resources/libFontRegistry.dylib
0x00007fff41bf0000 	/System/Library/Frameworks/ImageIO.framework/Versions/A/Resources/libJPEG.dylib
0x00007fff41f19000 	/System/Library/Frameworks/ImageIO.framework/Versions/A/Resources/libTIFF.dylib
0x00007fff41eef000 	/System/Library/Frameworks/ImageIO.framework/Versions/A/Resources/libPng.dylib
0x00007fff41b03000 	/System/Library/Frameworks/ImageIO.framework/Versions/A/Resources/libGIF.dylib
0x00007fff41b08000 	/System/Library/Frameworks/ImageIO.framework/Versions/A/Resources/libJP2.dylib
0x00007fff41f16000 	/System/Library/Frameworks/ImageIO.framework/Versions/A/Resources/libRadiance.dylib
0x00007fff4f3d6000 	/System/Library/PrivateFrameworks/AppleJPEG.framework/Versions/A/AppleJPEG
0x00007fff438b9000 	/System/Library/Frameworks/MetalPerformanceShaders.framework/Frameworks/MPSCore.framework/Versions/A/MPSCore
0x00007fff438d5000 	/System/Library/Frameworks/MetalPerformanceShaders.framework/Frameworks/MPSImage.framework/Versions/A/MPSImage
0x00007fff4396a000 	/System/Library/Frameworks/MetalPerformanceShaders.framework/Frameworks/MPSNeuralNetwork.framework/Versions/A/MPSNeuralNetwork
0x00007fff43945000 	/System/Library/Frameworks/MetalPerformanceShaders.framework/Frameworks/MPSMatrix.framework/Versions/A/MPSMatrix
0x00007fff5a7c6000 	/System/Library/PrivateFrameworks/MetalTools.framework/Versions/A/MetalTools
0x00007fff48c12000 	/System/Library/Frameworks/OpenGL.framework/Versions/A/Libraries/libGLU.dylib
0x00007fff48a53000 	/System/Library/Frameworks/OpenGL.framework/Versions/A/Libraries/libGFXShared.dylib
0x00007fff48a5d000 	/System/Library/Frameworks/OpenGL.framework/Versions/A/Libraries/libGL.dylib
0x00007fff48a69000 	/System/Library/Frameworks/OpenGL.framework/Versions/A/Libraries/libGLImage.dylib
0x00007fff48a45000 	/System/Library/Frameworks/OpenGL.framework/Versions/A/Libraries/libCVMSPluginSupport.dylib
0x00007fff48a4e000 	/System/Library/Frameworks/OpenGL.framework/Versions/A/Libraries/libCoreVMClient.dylib
0x00007fff65669000 	/usr/lib/libcups.2.dylib
0x00007fff42e21000 	/System/Library/Frameworks/Kerberos.framework/Versions/A/Kerberos
0x00007fff415e7000 	/System/Library/Frameworks/GSS.framework/Versions/A/GSS
0x00007fff6676c000 	/usr/lib/libresolv.9.dylib
0x00007fff65867000 	/usr/lib/libiconv.2.dylib
0x00007fff58943000 	/System/Library/PrivateFrameworks/Heimdal.framework/Versions/A/Heimdal
0x00007fff65836000 	/usr/lib/libheimdal-asn1.dylib
0x00007fff478bb000 	/System/Library/Frameworks/OpenDirectory.framework/Versions/A/OpenDirectory
0x00007fff516e8000 	/System/Library/PrivateFrameworks/CommonAuth.framework/Versions/A/CommonAuth
0x00007fff4789e000 	/System/Library/Frameworks/OpenDirectory.framework/Versions/A/Frameworks/CFOpenDirectory.framework/Versions/A/CFOpenDirectory
0x00007fff4b1d0000 	/System/Library/Frameworks/SecurityFoundation.framework/Versions/A/SecurityFoundation
0x00007fff4e5a2000 	/System/Library/PrivateFrameworks/APFS.framework/Versions/A/APFS
0x00007fff66ba1000 	/usr/lib/libutil.dylib
0x00007fff4f459000 	/System/Library/PrivateFrameworks/AppleSauce.framework/Versions/A/AppleSauce
0x00007fff59aae000 	/System/Library/PrivateFrameworks/LinguisticData.framework/Versions/A/LinguisticData
0x00007fff65be9000 	/usr/lib/libmarisa.dylib
0x00007fff59a68000 	/System/Library/PrivateFrameworks/Lexicon.framework/Versions/A/Lexicon
0x00007fff647e6000 	/usr/lib/libChineseTokenizer.dylib
0x00007fff64eab000 	/usr/lib/libcmph.dylib
0x00007fff59972000 	/System/Library/PrivateFrameworks/LanguageModeling.framework/Versions/A/LanguageModeling
0x00007fff521f4000 	/System/Library/PrivateFrameworks/CoreEmoji.framework/Versions/A/CoreEmoji
0x00007fff4b28e000 	/System/Library/Frameworks/ServiceManagement.framework/Versions/A/ServiceManagement
0x00007fff4fca3000 	/System/Library/PrivateFrameworks/BackgroundTaskManagement.framework/Versions/A/BackgroundTaskManagement
0x00007fff66c9e000 	/usr/lib/libxslt.1.dylib
0x00007fff3e69c000 	/System/Library/Frameworks/Carbon.framework/Versions/A/Frameworks/Ink.framework/Versions/A/Ink
0x00007fff62b30000 	/System/Library/PrivateFrameworks/TextureIO.framework/Versions/A/TextureIO
0x00007fff64cd0000 	/usr/lib/libate.dylib
0x00007fff532ce000 	/System/Library/PrivateFrameworks/CrashReporterSupport.framework/Versions/A/CrashReporterSupport
0x00007fff5fe82000 	/System/Library/PrivateFrameworks/Sharing.framework/Versions/A/Sharing
0x00007fff596b3000 	/System/Library/PrivateFrameworks/IconServices.framework/Versions/A/IconServices
0x00007fff4f25b000 	/System/Library/PrivateFrameworks/Apple80211.framework/Versions/A/Apple80211
0x00007fff530e3000 	/System/Library/PrivateFrameworks/CoreUtils.framework/Versions/A/CoreUtils
0x00007fff40ce5000 	/System/Library/Frameworks/CoreWLAN.framework/Versions/A/CoreWLAN
0x00007fff41729000 	/System/Library/Frameworks/IOBluetooth.framework/Versions/A/IOBluetooth
0x00007fff5e34e000 	/System/Library/PrivateFrameworks/ProtocolBuffer.framework/Versions/A/ProtocolBuffer
0x00007fff53269000 	/System/Library/PrivateFrameworks/CoreWiFi.framework/Versions/A/CoreWiFi
0x00007fff3ebe7000 	/System/Library/Frameworks/CoreBluetooth.framework/Versions/A/CoreBluetooth
0x00007fff534b8000 	/System/Library/PrivateFrameworks/DebugSymbols.framework/Versions/A/DebugSymbols
0x00007fff52e99000 	/System/Library/PrivateFrameworks/CoreSymbolication.framework/Versions/A/CoreSymbolication
0x00007fff62321000 	/System/Library/PrivateFrameworks/Symbolication.framework/Versions/A/Symbolication
0x00007fff4f285000 	/System/Library/PrivateFrameworks/AppleFSCompression.framework/Versions/A/AppleFSCompression
0x00007fff6176f000 	/System/Library/PrivateFrameworks/SpeechRecognitionCore.framework/Versions/A/SpeechRecognitionCore
0x0000000100905000 	/Library/Java/JavaVirtualMachines/jdk-10.0.1.jdk/Contents/Home/lib/server/libjvm.dylib
0x00007fff66a6e000 	/usr/lib/libstdc++.6.0.9.dylib
0x00000001017a7000 	/Library/Java/JavaVirtualMachines/jdk-10.0.1.jdk/Contents/Home/lib/libverify.dylib
0x00000001017b4000 	/Library/Java/JavaVirtualMachines/jdk-10.0.1.jdk/Contents/Home/lib/libjava.dylib
0x00000001017f3000 	/Library/Java/JavaVirtualMachines/jdk-10.0.1.jdk/Contents/Home/lib/libzip.dylib
0x0000000102040000 	/Library/Java/JavaVirtualMachines/jdk-10.0.1.jdk/Contents/Home/lib/libjimage.dylib
0x000000010f2e8000 	/Library/Java/JavaVirtualMachines/jdk-10.0.1.jdk/Contents/Home/lib/libnio.dylib
0x000000010f2f8000 	/Library/Java/JavaVirtualMachines/jdk-10.0.1.jdk/Contents/Home/lib/./libnet.dylib
0x000000010f397000 	/Library/Java/JavaVirtualMachines/jdk-10.0.1.jdk/Contents/Home/lib/libawt.dylib
0x000000010f43c000 	/Library/Java/JavaVirtualMachines/jdk-10.0.1.jdk/Contents/Home/lib/./libmlib_image.dylib
0x00007fff42e0a000 	/System/Library/Frameworks/JavaVM.framework/Versions/A/Frameworks/JavaNativeFoundation.framework/Versions/A/JavaNativeFoundation
0x00007fff42e13000 	/System/Library/Frameworks/JavaVM.framework/Versions/A/Frameworks/JavaRuntimeSupport.framework/Versions/A/JavaRuntimeSupport
0x00007fff42e1c000 	/System/Library/Frameworks/JavaVM.framework/Versions/A/JavaVM
0x00007fff59874000 	/System/Library/PrivateFrameworks/JavaLaunching.framework/Versions/A/JavaLaunching
0x00007fff3e387000 	/System/Library/Frameworks/Carbon.framework/Versions/A/Carbon
0x00007fff3e388000 	/System/Library/Frameworks/Carbon.framework/Versions/A/Frameworks/CommonPanels.framework/Versions/A/CommonPanels
0x00007fff3e692000 	/System/Library/Frameworks/Carbon.framework/Versions/A/Frameworks/Help.framework/Versions/A/Help
0x00007fff3e696000 	/System/Library/Frameworks/Carbon.framework/Versions/A/Frameworks/ImageCapture.framework/Versions/A/ImageCapture
0x00007fff3e732000 	/System/Library/Frameworks/Carbon.framework/Versions/A/Frameworks/OpenScripting.framework/Versions/A/OpenScripting
0x00007fff3e76d000 	/System/Library/Frameworks/Carbon.framework/Versions/A/Frameworks/Print.framework/Versions/A/Print
0x00007fff3e76f000 	/System/Library/Frameworks/Carbon.framework/Versions/A/Frameworks/SecurityHI.framework/Versions/A/SecurityHI
0x000000010f4aa000 	/Library/Java/JavaVirtualMachines/jdk-10.0.1.jdk/Contents/Home/lib/libawt_lwawt.dylib
0x000000010f56a000 	/Library/Java/JavaVirtualMachines/jdk-10.0.1.jdk/Contents/Home/lib/./libosxapp.dylib
0x00007fff4118a000 	/System/Library/Frameworks/ExceptionHandling.framework/Versions/A/ExceptionHandling
0x000000010f7bc000 	/Library/Java/JavaVirtualMachines/jdk-10.0.1.jdk/Contents/Home/lib/libfontmanager.dylib
0x00007fff52b2b000 	/System/Library/PrivateFrameworks/CoreServicesInternal.framework/Versions/A/CoreServicesInternal
0x00007fff37605000 	/System/Library/CoreServices/RawCamera.bundle/Contents/MacOS/RawCamera
0x00007fff5a838000 	/System/Library/PrivateFrameworks/MobileAsset.framework/Versions/A/MobileAsset
0x00007fff61c28000 	/System/Library/PrivateFrameworks/StreamingZip.framework/Versions/A/StreamingZip
0x00007fff431b0000 	/System/Library/Frameworks/MediaToolbox.framework/Versions/A/MediaToolbox
0x00007fff51e36000 	/System/Library/PrivateFrameworks/CoreAVCHD.framework/Versions/A/CoreAVCHD
0x00007fff430f9000 	/System/Library/Frameworks/MediaAccessibility.framework/Versions/A/MediaAccessibility
0x00007fff5a2b4000 	/System/Library/PrivateFrameworks/Mangrove.framework/Versions/A/Mangrove
0x00007fff40083000 	/System/Library/Frameworks/CoreMedia.framework/Versions/A/CoreMedia
0x00007fff4b85c000 	/System/Library/Frameworks/VideoToolbox.framework/Versions/A/VideoToolbox
0x00007fff51a2d000 	/System/Library/PrivateFrameworks/CoreAUC.framework/Versions/A/CoreAUC
0x00007fff667d7000 	/usr/lib/libspindump.dylib
0x00007fff4f54e000 	/System/Library/PrivateFrameworks/AppleVA.framework/Versions/A/AppleVA
0x00007fff3b5c8000 	/System/Library/Frameworks/Accelerate.framework/Versions/A/Frameworks/vImage.framework/Versions/A/Libraries/libCGInterfaces.dylib
0x00007fff3d7ee000 	/System/Library/Frameworks/ApplicationServices.framework/Versions/A/Frameworks/ATS.framework/Versions/A/Resources/libTrueTypeScaler.dylib
0x00007fff38fe8000 	/System/Library/Extensions/AppleIntelKBLGraphicsMTLDriver.bundle/Contents/MacOS/AppleIntelKBLGraphicsMTLDriver
0x00007fff564ca000 	/System/Library/PrivateFrameworks/GPUCompiler.framework/Versions/3802/Libraries/libmetal_timestamp.dylib
0x00007fff495d8000 	/System/Library/Frameworks/OpenGL.framework/Versions/A/Resources/GLEngine.bundle/GLEngine
0x00007fff48aa5000 	/System/Library/Frameworks/OpenGL.framework/Versions/A/Libraries/libGLProgrammability.dylib
0x0000000128b65000 	/System/Library/Extensions/AppleIntelKBLGraphicsGLDriver.bundle/Contents/MacOS/AppleIntelKBLGraphicsGLDriver
0x00007fff57b2a000 	/System/Library/PrivateFrameworks/GPUSupport.framework/Versions/A/Libraries/libGPUSupportMercury.dylib
0x00007fff49770000 	/System/Library/Frameworks/OpenGL.framework/Versions/A/Resources/GLRendererFloat.bundle/GLRendererFloat
0x00007fff47846000 	/System/Library/Frameworks/OpenCL.framework/Versions/A/Libraries/libcldcpuengine.dylib
0x00007fff65331000 	/usr/lib/libcrypto.35.dylib
0x00007fff62c97000 	/System/Library/PrivateFrameworks/TrustEvaluationAgent.framework/Versions/A/TrustEvaluationAgent
0x000000010fe05000 	/Library/Java/JavaVirtualMachines/jdk-10.0.1.jdk/Contents/Home/lib/libosxui.dylib
0x00007fff63b22000 	/System/Library/PrivateFrameworks/ViewBridge.framework/Versions/A/ViewBridge
0x00007fff50b66000 	/System/Library/PrivateFrameworks/CloudDocs.framework/Versions/A/CloudDocs
0x00007fff548a1000 	/System/Library/PrivateFrameworks/FileProvider.framework/Versions/A/FileProvider
0x00007fff6182e000 	/System/Library/PrivateFrameworks/SpotlightIndex.framework/Versions/A/SpotlightIndex
0x00007fff623bb000 	/System/Library/PrivateFrameworks/SymptomDiagnosticReporter.framework/Versions/A/SymptomDiagnosticReporter
0x00007fff57eef000 	/System/Library/PrivateFrameworks/GenerationalStorage.framework/Versions/A/GenerationalStorage
0x00007fff50b10000 	/System/Library/PrivateFrameworks/ChunkingLibrary.framework/Versions/A/ChunkingLibrary
0x00007fff52667000 	/System/Library/PrivateFrameworks/CoreNLP.framework/Versions/A/CoreNLP
0x00007fff65c00000 	/usr/lib/libmecab.1.0.0.dylib
0x00007fff65831000 	/usr/lib/libgermantok.dylib
0x00007fff64c79000 	/usr/lib/libThaiTokenizer.dylib
0x000000010f674000 	/private/var/folders/_1/9bgq8w753kzgdvplvf784k600000gn/T/jna--1485511141/jna4247001918457558182.tmp
0x0000000161c7e000 	/usr/local/lib/libtesseract.dylib
0x0000000162189000 	/usr/local/opt/leptonica/lib/liblept.5.dylib
0x0000000160461000 	/usr/local/opt/libpng/lib/libpng16.16.dylib
0x000000016048d000 	/usr/local/opt/jpeg/lib/libjpeg.9.dylib
0x000000016237d000 	/usr/local/opt/libtiff/lib/libtiff.5.dylib


VM Arguments:
jvm_args: -Dfile.encoding=UTF-8 
java_command: tess4J.test
java_class_path (initial): /Users/littlejkim/ist440w-TesseractDecryption/bin:/Users/littlejkim/ist440w-TesseractDecryption/lib/commons-io-2.6.jar:/Users/littlejkim/ist440w-TesseractDecryption/lib/ghost4j-1.0.1.jar:/Users/littlejkim/ist440w-TesseractDecryption/lib/jai-imageio-core-1.4.0.jar:/Users/littlejkim/ist440w-TesseractDecryption/lib/jna-4.1.0.jar:/Users/littlejkim/ist440w-TesseractDecryption/lib/jul-to-slf4j-1.7.25.jar:/Users/littlejkim/ist440w-TesseractDecryption/lib/junit-4.12.jar:/Users/littlejkim/ist440w-TesseractDecryption/lib/lept4j-1.6.4.jar:/Users/littlejkim/ist440w-TesseractDecryption/lib/log4j-1.2.17.jar:/Users/littlejkim/ist440w-TesseractDecryption/lib/log4j-over-slf4j-1.7.25.jar:/Users/littlejkim/ist440w-TesseractDecryption/lib/logback-classic-1.2.3.jar:/Users/littlejkim/ist440w-TesseractDecryption/lib/logback-core-1.2.3.jar:/Users/littlejkim/ist440w-TesseractDecryption/lib/slf4j-api-1.7.25.jar:/Users/littlejkim/ist440w-TesseractDecryption/lib/tess4j-3.4.8.jar
Launcher Type: SUN_STANDARD

Logging:
Log output configuration:
#0: stdout all=warning uptime,level,tags
#1: stderr all=off uptime,level,tags

Environment Variables:
PATH=/usr/bin:/bin:/usr/sbin:/sbin
SHELL=/bin/bash

Signal Handlers:
SIGSEGV: [libjvm.dylib+0x79ac14], sa_mask[0]=11111111011111110111111111111111, sa_flags=SA_ONSTACK|SA_RESTART|SA_SIGINFO
SIGBUS: [libjvm.dylib+0x79ac14], sa_mask[0]=11111111011111110111111111111111, sa_flags=SA_RESTART|SA_SIGINFO
SIGFPE: [libjvm.dylib+0x79ac14], sa_mask[0]=11111111011111110111111111111111, sa_flags=SA_RESTART|SA_SIGINFO
SIGPIPE: [libjvm.dylib+0x635960], sa_mask[0]=11111111011111110111111111111111, sa_flags=SA_RESTART|SA_SIGINFO
SIGXFSZ: [libjvm.dylib+0x635960], sa_mask[0]=11111111011111110111111111111111, sa_flags=SA_RESTART|SA_SIGINFO
SIGILL: [libjvm.dylib+0x79ac14], sa_mask[0]=11111111011111110111111111111111, sa_flags=SA_RESTART|SA_SIGINFO
SIGUSR2: [libjvm.dylib+0x6361f0], sa_mask[0]=00100000000000000000000000000000, sa_flags=SA_RESTART|SA_SIGINFO
SIGHUP: [libjvm.dylib+0x6349db], sa_mask[0]=11111111011111110111111111111111, sa_flags=SA_RESTART|SA_SIGINFO
SIGINT: [libjvm.dylib+0x6349db], sa_mask[0]=11111111011111110111111111111111, sa_flags=SA_RESTART|SA_SIGINFO
SIGTERM: [libjvm.dylib+0x6349db], sa_mask[0]=11111111011111110111111111111111, sa_flags=SA_RESTART|SA_SIGINFO
SIGQUIT: [libjvm.dylib+0x6349db], sa_mask[0]=11111111011111110111111111111111, sa_flags=SA_RESTART|SA_SIGINFO


---------------  S Y S T E M  ---------------

OS:uname:Darwin 17.6.0 Darwin Kernel Version 17.6.0: Tue May  8 15:22:16 PDT 2018; root:xnu-4570.61.1~1/RELEASE_X86_64 x86_64
rlimit: STACK 8192k, CORE 0k, NPROC 709, NOFILE 10240, AS infinity, DATA infinity, FSIZE infinity
load average:2.00 2.54 2.22

CPU:total 4 (initial active 4) (2 cores per cpu, 2 threads per core) family 6 model 142 stepping 9, cmov, cx8, fxsr, mmx, sse, sse2, sse3, ssse3, sse4.1, sse4.2, popcnt, avx, avx2, aes, clmul, erms, rtm, 3dnowpref, lzcnt, ht, tsc, tscinvbit, bmi1, bmi2, adx, fma

Memory: 4k page, physical 8388608k(20404k free)

vm_info: Java HotSpot(TM) 64-Bit Server VM (10.0.1+10) for bsd-amd64 JRE (10.0.1+10), built on Mar 27 2018 01:13:17 by "mach5one" with gcc 4.2.1 Compatible Apple LLVM 6.1.0 (clang-602.0.49)

END.
